{"op": "SET", "key": "role", "value": "tripti's freind", "ttl": null}
{"op": "SET", "key": "role", "value": "tripti's freind", "ttl": null}
{"op": "SET", "key": "name", "value": "Tripti", "ttl": null}
{"op": "DELETE", "key": "name", "value": null, "ttl": null}
{"op": "SET", "key": "bcmygujj", "value": "xxxxxxxxxxxxxxxxxxxxxxxxxxxxxxxxxxxxxxxxxxxxxxxxxx", "ttl": 3}
{"op": "SET", "key": "arbreezg", "value": "xxxxxxxxxxxxxxxxxxxxxxxxxxxxxxxxxxxxxxxxxxxxxxxxxx", "ttl": 3}
{"op": "SET", "key": "ocpzfqhy", "value": "xxxxxxxxxxxxxxxxxxxxxxxxxxxxxxxxxxxxxxxxxxxxxxxxxx", "ttl": 3}
{"op": "SET", "key": "unsxrqyl", "value": "xxxxxxxxxxxxxxxxxxxxxxxxxxxxxxxxxxxxxxxxxxxxxxxxxx", "ttl": 3}
{"op": "SET", "key": "mlnehmfl", "value": "xxxxxxxxxxxxxxxxxxxxxxxxxxxxxxxxxxxxxxxxxxxxxxxxxx", "ttl": 3}
{"op": "SET", "key": "xwvcedny", "value": "xxxxxxxxxxxxxxxxxxxxxxxxxxxxxxxxxxxxxxxxxxxxxxxxxx", "ttl": 3}
{"op": "SET", "key": "iyumpvmj", "value": "xxxxxxxxxxxxxxxxxxxxxxxxxxxxxxxxxxxxxxxxxxxxxxxxxx", "ttl": 3}
{"op": "SET", "key": "gqgoxtyy", "value": "xxxxxxxxxxxxxxxxxxxxxxxxxxxxxxxxxxxxxxxxxxxxxxxxxx", "ttl": 3}
{"op": "SET", "key": "cjifjmsk", "value": "xxxxxxxxxxxxxxxxxxxxxxxxxxxxxxxxxxxxxxxxxxxxxxxxxx", "ttl": 3}
{"op": "SET", "key": "bjxckabr", "value": "xxxxxxxxxxxxxxxxxxxxxxxxxxxxxxxxxxxxxxxxxxxxxxxxxx", "ttl": 3}
{"op": "SET", "key": "dgwcphrr", "value": "xxxxxxxxxxxxxxxxxxxxxxxxxxxxxxxxxxxxxxxxxxxxxxxxxx", "ttl": 3}
{"op": "SET", "key": "vwjbjkqf", "value": "xxxxxxxxxxxxxxxxxxxxxxxxxxxxxxxxxxxxxxxxxxxxxxxxxx", "ttl": 3}
{"op": "SET", "key": "abpthput", "value": "xxxxxxxxxxxxxxxxxxxxxxxxxxxxxxxxxxxxxxxxxxxxxxxxxx", "ttl": 3}
{"op": "SET", "key": "qxqzcbks", "value": "xxxxxxxxxxxxxxxxxxxxxxxxxxxxxxxxxxxxxxxxxxxxxxxxxx", "ttl": 3}
{"op": "SET", "key": "wcwzyuze", "value": "xxxxxxxxxxxxxxxxxxxxxxxxxxxxxxxxxxxxxxxxxxxxxxxxxx", "ttl": 3}
{"op": "SET", "key": "jdazbnjz", "value": "xxxxxxxxxxxxxxxxxxxxxxxxxxxxxxxxxxxxxxxxxxxxxxxxxx", "ttl": 3}
{"op": "SET", "key": "rwrlxlom", "value": "xxxxxxxxxxxxxxxxxxxxxxxxxxxxxxxxxxxxxxxxxxxxxxxxxx", "ttl": 3}
{"op": "SET", "key": "lcrypjnd", "value": "xxxxxxxxxxxxxxxxxxxxxxxxxxxxxxxxxxxxxxxxxxxxxxxxxx", "ttl": 3}
{"op": "SET", "key": "pgzoihzh", "value": "xxxxxxxxxxxxxxxxxxxxxxxxxxxxxxxxxxxxxxxxxxxxxxxxxx", "ttl": 3}
{"op": "SET", "key": "xjzuhlcg", "value": "xxxxxxxxxxxxxxxxxxxxxxxxxxxxxxxxxxxxxxxxxxxxxxxxxx", "ttl": 3}
{"op": "SET", "key": "ziratojd", "value": "xxxxxxxxxxxxxxxxxxxxxxxxxxxxxxxxxxxxxxxxxxxxxxxxxx", "ttl": 3}
{"op": "SET", "key": "lspeziyc", "value": "xxxxxxxxxxxxxxxxxxxxxxxxxxxxxxxxxxxxxxxxxxxxxxxxxx", "ttl": 3}
{"op": "SET", "key": "ealzhcwd", "value": "xxxxxxxxxxxxxxxxxxxxxxxxxxxxxxxxxxxxxxxxxxxxxxxxxx", "ttl": 3}
{"op": "SET", "key": "lswcmqxr", "value": "xxxxxxxxxxxxxxxxxxxxxxxxxxxxxxxxxxxxxxxxxxxxxxxxxx", "ttl": 3}
{"op": "SET", "key": "fbaesiwh", "value": "xxxxxxxxxxxxxxxxxxxxxxxxxxxxxxxxxxxxxxxxxxxxxxxxxx", "ttl": 3}
{"op": "SET", "key": "baneinlx", "value": "xxxxxxxxxxxxxxxxxxxxxxxxxxxxxxxxxxxxxxxxxxxxxxxxxx", "ttl": 3}
{"op": "SET", "key": "sehsdvgo", "value": "xxxxxxxxxxxxxxxxxxxxxxxxxxxxxxxxxxxxxxxxxxxxxxxxxx", "ttl": 3}
{"op": "SET", "key": "wxgrewbv", "value": "xxxxxxxxxxxxxxxxxxxxxxxxxxxxxxxxxxxxxxxxxxxxxxxxxx", "ttl": 3}
{"op": "SET", "key": "lrbiopao", "value": "xxxxxxxxxxxxxxxxxxxxxxxxxxxxxxxxxxxxxxxxxxxxxxxxxx", "ttl": 3}
{"op": "SET", "key": "csyyxwzz", "value": "xxxxxxxxxxxxxxxxxxxxxxxxxxxxxxxxxxxxxxxxxxxxxxxxxx", "ttl": 3}
{"op": "SET", "key": "japchbiz", "value": "xxxxxxxxxxxxxxxxxxxxxxxxxxxxxxxxxxxxxxxxxxxxxxxxxx", "ttl": 3}
{"op": "SET", "key": "fxdzzfmw", "value": "xxxxxxxxxxxxxxxxxxxxxxxxxxxxxxxxxxxxxxxxxxxxxxxxxx", "ttl": 3}
{"op": "SET", "key": "scohxnvr", "value": "xxxxxxxxxxxxxxxxxxxxxxxxxxxxxxxxxxxxxxxxxxxxxxxxxx", "ttl": 3}
{"op": "SET", "key": "oqpytjoa", "value": "xxxxxxxxxxxxxxxxxxxxxxxxxxxxxxxxxxxxxxxxxxxxxxxxxx", "ttl": 3}
{"op": "SET", "key": "rauuxrft", "value": "xxxxxxxxxxxxxxxxxxxxxxxxxxxxxxxxxxxxxxxxxxxxxxxxxx", "ttl": 3}
{"op": "SET", "key": "mzljygma", "value": "xxxxxxxxxxxxxxxxxxxxxxxxxxxxxxxxxxxxxxxxxxxxxxxxxx", "ttl": 3}
{"op": "SET", "key": "kwnkmcyg", "value": "xxxxxxxxxxxxxxxxxxxxxxxxxxxxxxxxxxxxxxxxxxxxxxxxxx", "ttl": 3}
{"op": "SET", "key": "hoponfjc", "value": "xxxxxxxxxxxxxxxxxxxxxxxxxxxxxxxxxxxxxxxxxxxxxxxxxx", "ttl": 3}
{"op": "SET", "key": "amknsmtz", "value": "xxxxxxxxxxxxxxxxxxxxxxxxxxxxxxxxxxxxxxxxxxxxxxxxxx", "ttl": 3}
{"op": "SET", "key": "mowlezld", "value": "xxxxxxxxxxxxxxxxxxxxxxxxxxxxxxxxxxxxxxxxxxxxxxxxxx", "ttl": 3}
{"op": "SET", "key": "uzhvwaju", "value": "xxxxxxxxxxxxxxxxxxxxxxxxxxxxxxxxxxxxxxxxxxxxxxxxxx", "ttl": 3}
{"op": "SET", "key": "mxloulel", "value": "xxxxxxxxxxxxxxxxxxxxxxxxxxxxxxxxxxxxxxxxxxxxxxxxxx", "ttl": 3}
{"op": "SET", "key": "wiifeunz", "value": "xxxxxxxxxxxxxxxxxxxxxxxxxxxxxxxxxxxxxxxxxxxxxxxxxx", "ttl": 3}
{"op": "SET", "key": "jsvvulyf", "value": "xxxxxxxxxxxxxxxxxxxxxxxxxxxxxxxxxxxxxxxxxxxxxxxxxx", "ttl": 3}
{"op": "SET", "key": "iwdtpnzb", "value": "xxxxxxxxxxxxxxxxxxxxxxxxxxxxxxxxxxxxxxxxxxxxxxxxxx", "ttl": 3}
{"op": "SET", "key": "ibbkywzp", "value": "xxxxxxxxxxxxxxxxxxxxxxxxxxxxxxxxxxxxxxxxxxxxxxxxxx", "ttl": 3}
{"op": "SET", "key": "uxiybafv", "value": "xxxxxxxxxxxxxxxxxxxxxxxxxxxxxxxxxxxxxxxxxxxxxxxxxx", "ttl": 3}
{"op": "SET", "key": "lxyvorij", "value": "xxxxxxxxxxxxxxxxxxxxxxxxxxxxxxxxxxxxxxxxxxxxxxxxxx", "ttl": 3}
{"op": "SET", "key": "gmzgohcc", "value": "xxxxxxxxxxxxxxxxxxxxxxxxxxxxxxxxxxxxxxxxxxxxxxxxxx", "ttl": 3}
{"op": "SET", "key": "gmmncceu", "value": "xxxxxxxxxxxxxxxxxxxxxxxxxxxxxxxxxxxxxxxxxxxxxxxxxx", "ttl": 3}
{"op": "SET", "key": "qgrstntu", "value": "xxxxxxxxxxxxxxxxxxxxxxxxxxxxxxxxxxxxxxxxxxxxxxxxxx", "ttl": 3}
{"op": "SET", "key": "kywbilvw", "value": "xxxxxxxxxxxxxxxxxxxxxxxxxxxxxxxxxxxxxxxxxxxxxxxxxx", "ttl": 3}
{"op": "SET", "key": "kezyxdhw", "value": "xxxxxxxxxxxxxxxxxxxxxxxxxxxxxxxxxxxxxxxxxxxxxxxxxx", "ttl": 3}
{"op": "SET", "key": "nwomkcov", "value": "xxxxxxxxxxxxxxxxxxxxxxxxxxxxxxxxxxxxxxxxxxxxxxxxxx", "ttl": 3}
{"op": "SET", "key": "roufyetj", "value": "xxxxxxxxxxxxxxxxxxxxxxxxxxxxxxxxxxxxxxxxxxxxxxxxxx", "ttl": 3}
{"op": "SET", "key": "bvkfofow", "value": "xxxxxxxxxxxxxxxxxxxxxxxxxxxxxxxxxxxxxxxxxxxxxxxxxx", "ttl": 3}
{"op": "SET", "key": "fvmqjhyp", "value": "xxxxxxxxxxxxxxxxxxxxxxxxxxxxxxxxxxxxxxxxxxxxxxxxxx", "ttl": 3}
{"op": "SET", "key": "bbtzoepi", "value": "xxxxxxxxxxxxxxxxxxxxxxxxxxxxxxxxxxxxxxxxxxxxxxxxxx", "ttl": 3}
{"op": "SET", "key": "gzvtylxt", "value": "xxxxxxxxxxxxxxxxxxxxxxxxxxxxxxxxxxxxxxxxxxxxxxxxxx", "ttl": 3}
{"op": "SET", "key": "arehlnlf", "value": "xxxxxxxxxxxxxxxxxxxxxxxxxxxxxxxxxxxxxxxxxxxxxxxxxx", "ttl": 3}
{"op": "SET", "key": "maqlaqcx", "value": "xxxxxxxxxxxxxxxxxxxxxxxxxxxxxxxxxxxxxxxxxxxxxxxxxx", "ttl": 3}
{"op": "SET", "key": "hoqhokpx", "value": "xxxxxxxxxxxxxxxxxxxxxxxxxxxxxxxxxxxxxxxxxxxxxxxxxx", "ttl": 3}
{"op": "SET", "key": "ahanypcn", "value": "xxxxxxxxxxxxxxxxxxxxxxxxxxxxxxxxxxxxxxxxxxxxxxxxxx", "ttl": 3}
{"op": "SET", "key": "pppuctgx", "value": "xxxxxxxxxxxxxxxxxxxxxxxxxxxxxxxxxxxxxxxxxxxxxxxxxx", "ttl": 3}
{"op": "SET", "key": "sdxikwar", "value": "xxxxxxxxxxxxxxxxxxxxxxxxxxxxxxxxxxxxxxxxxxxxxxxxxx", "ttl": 3}
{"op": "SET", "key": "okdpulfq", "value": "xxxxxxxxxxxxxxxxxxxxxxxxxxxxxxxxxxxxxxxxxxxxxxxxxx", "ttl": 3}
{"op": "SET", "key": "pxawsart", "value": "xxxxxxxxxxxxxxxxxxxxxxxxxxxxxxxxxxxxxxxxxxxxxxxxxx", "ttl": 3}
{"op": "SET", "key": "ttkdnzdx", "value": "xxxxxxxxxxxxxxxxxxxxxxxxxxxxxxxxxxxxxxxxxxxxxxxxxx", "ttl": 3}
{"op": "SET", "key": "ivcnsops", "value": "xxxxxxxxxxxxxxxxxxxxxxxxxxxxxxxxxxxxxxxxxxxxxxxxxx", "ttl": 3}
{"op": "SET", "key": "ftjjnybm", "value": "xxxxxxxxxxxxxxxxxxxxxxxxxxxxxxxxxxxxxxxxxxxxxxxxxx", "ttl": 3}
{"op": "SET", "key": "fixusoik", "value": "xxxxxxxxxxxxxxxxxxxxxxxxxxxxxxxxxxxxxxxxxxxxxxxxxx", "ttl": 3}
{"op": "SET", "key": "yfeakzpq", "value": "xxxxxxxxxxxxxxxxxxxxxxxxxxxxxxxxxxxxxxxxxxxxxxxxxx", "ttl": 3}
{"op": "SET", "key": "ittvvldh", "value": "xxxxxxxxxxxxxxxxxxxxxxxxxxxxxxxxxxxxxxxxxxxxxxxxxx", "ttl": 3}
{"op": "SET", "key": "idvsmllc", "value": "xxxxxxxxxxxxxxxxxxxxxxxxxxxxxxxxxxxxxxxxxxxxxxxxxx", "ttl": 3}
{"op": "SET", "key": "irytikte", "value": "xxxxxxxxxxxxxxxxxxxxxxxxxxxxxxxxxxxxxxxxxxxxxxxxxx", "ttl": 3}
{"op": "SET", "key": "tmdxmbdn", "value": "xxxxxxxxxxxxxxxxxxxxxxxxxxxxxxxxxxxxxxxxxxxxxxxxxx", "ttl": 3}
{"op": "SET", "key": "viczgkro", "value": "xxxxxxxxxxxxxxxxxxxxxxxxxxxxxxxxxxxxxxxxxxxxxxxxxx", "ttl": 3}
{"op": "SET", "key": "exqrnbex", "value": "xxxxxxxxxxxxxxxxxxxxxxxxxxxxxxxxxxxxxxxxxxxxxxxxxx", "ttl": 3}
{"op": "SET", "key": "tfvtmtvz", "value": "xxxxxxxxxxxxxxxxxxxxxxxxxxxxxxxxxxxxxxxxxxxxxxxxxx", "ttl": 3}
{"op": "SET", "key": "orejrgtl", "value": "xxxxxxxxxxxxxxxxxxxxxxxxxxxxxxxxxxxxxxxxxxxxxxxxxx", "ttl": 3}
{"op": "SET", "key": "rckreuqc", "value": "xxxxxxxxxxxxxxxxxxxxxxxxxxxxxxxxxxxxxxxxxxxxxxxxxx", "ttl": 3}
{"op": "SET", "key": "qazixugm", "value": "xxxxxxxxxxxxxxxxxxxxxxxxxxxxxxxxxxxxxxxxxxxxxxxxxx", "ttl": 3}
{"op": "SET", "key": "yblkplty", "value": "xxxxxxxxxxxxxxxxxxxxxxxxxxxxxxxxxxxxxxxxxxxxxxxxxx", "ttl": 3}
{"op": "SET", "key": "bynxarrr", "value": "xxxxxxxxxxxxxxxxxxxxxxxxxxxxxxxxxxxxxxxxxxxxxxxxxx", "ttl": 3}
{"op": "SET", "key": "hhnrgsgp", "value": "xxxxxxxxxxxxxxxxxxxxxxxxxxxxxxxxxxxxxxxxxxxxxxxxxx", "ttl": 3}
{"op": "SET", "key": "lckvtmpt", "value": "xxxxxxxxxxxxxxxxxxxxxxxxxxxxxxxxxxxxxxxxxxxxxxxxxx", "ttl": 3}
{"op": "SET", "key": "cxayymzg", "value": "xxxxxxxxxxxxxxxxxxxxxxxxxxxxxxxxxxxxxxxxxxxxxxxxxx", "ttl": 3}
{"op": "SET", "key": "nkogblqj", "value": "xxxxxxxxxxxxxxxxxxxxxxxxxxxxxxxxxxxxxxxxxxxxxxxxxx", "ttl": 3}
{"op": "SET", "key": "jiidvokm", "value": "xxxxxxxxxxxxxxxxxxxxxxxxxxxxxxxxxxxxxxxxxxxxxxxxxx", "ttl": 3}
{"op": "SET", "key": "ndmvkyno", "value": "xxxxxxxxxxxxxxxxxxxxxxxxxxxxxxxxxxxxxxxxxxxxxxxxxx", "ttl": 3}
{"op": "SET", "key": "aqqyehdn", "value": "xxxxxxxxxxxxxxxxxxxxxxxxxxxxxxxxxxxxxxxxxxxxxxxxxx", "ttl": 3}
{"op": "SET", "key": "egktxzvd", "value": "xxxxxxxxxxxxxxxxxxxxxxxxxxxxxxxxxxxxxxxxxxxxxxxxxx", "ttl": 3}
{"op": "SET", "key": "piwzsond", "value": "xxxxxxxxxxxxxxxxxxxxxxxxxxxxxxxxxxxxxxxxxxxxxxxxxx", "ttl": 3}
{"op": "SET", "key": "ntmfgpcz", "value": "xxxxxxxxxxxxxxxxxxxxxxxxxxxxxxxxxxxxxxxxxxxxxxxxxx", "ttl": 3}
{"op": "SET", "key": "edfibjkr", "value": "xxxxxxxxxxxxxxxxxxxxxxxxxxxxxxxxxxxxxxxxxxxxxxxxxx", "ttl": 3}
{"op": "SET", "key": "mhgmxioc", "value": "xxxxxxxxxxxxxxxxxxxxxxxxxxxxxxxxxxxxxxxxxxxxxxxxxx", "ttl": 3}
{"op": "SET", "key": "aruyqhif", "value": "xxxxxxxxxxxxxxxxxxxxxxxxxxxxxxxxxxxxxxxxxxxxxxxxxx", "ttl": 3}
{"op": "SET", "key": "ohbshpqh", "value": "xxxxxxxxxxxxxxxxxxxxxxxxxxxxxxxxxxxxxxxxxxxxxxxxxx", "ttl": 3}
{"op": "SET", "key": "gmszzwha", "value": "xxxxxxxxxxxxxxxxxxxxxxxxxxxxxxxxxxxxxxxxxxxxxxxxxx", "ttl": 3}
{"op": "SET", "key": "cmbvuzex", "value": "xxxxxxxxxxxxxxxxxxxxxxxxxxxxxxxxxxxxxxxxxxxxxxxxxx", "ttl": 3}
{"op": "SET", "key": "qowserge", "value": "xxxxxxxxxxxxxxxxxxxxxxxxxxxxxxxxxxxxxxxxxxxxxxxxxx", "ttl": 3}
{"op": "SET", "key": "rvqcgupx", "value": "xxxxxxxxxxxxxxxxxxxxxxxxxxxxxxxxxxxxxxxxxxxxxxxxxx", "ttl": 3}
{"op": "SET", "key": "mgouerrc", "value": "xxxxxxxxxxxxxxxxxxxxxxxxxxxxxxxxxxxxxxxxxxxxxxxxxx", "ttl": 3}
{"op": "SET", "key": "bpjtsawq", "value": "xxxxxxxxxxxxxxxxxxxxxxxxxxxxxxxxxxxxxxxxxxxxxxxxxx", "ttl": 3}
{"op": "SET", "key": "ndtjsxms", "value": "xxxxxxxxxxxxxxxxxxxxxxxxxxxxxxxxxxxxxxxxxxxxxxxxxx", "ttl": 3}
{"op": "SET", "key": "mnrlmulf", "value": "xxxxxxxxxxxxxxxxxxxxxxxxxxxxxxxxxxxxxxxxxxxxxxxxxx", "ttl": 3}
{"op": "SET", "key": "btlaqvnv", "value": "xxxxxxxxxxxxxxxxxxxxxxxxxxxxxxxxxxxxxxxxxxxxxxxxxx", "ttl": 3}
{"op": "SET", "key": "pcjunqzd", "value": "xxxxxxxxxxxxxxxxxxxxxxxxxxxxxxxxxxxxxxxxxxxxxxxxxx", "ttl": 3}
{"op": "SET", "key": "uhcxqpdo", "value": "xxxxxxxxxxxxxxxxxxxxxxxxxxxxxxxxxxxxxxxxxxxxxxxxxx", "ttl": 3}
{"op": "SET", "key": "jvixnznn", "value": "xxxxxxxxxxxxxxxxxxxxxxxxxxxxxxxxxxxxxxxxxxxxxxxxxx", "ttl": 3}
{"op": "SET", "key": "dynpupxy", "value": "xxxxxxxxxxxxxxxxxxxxxxxxxxxxxxxxxxxxxxxxxxxxxxxxxx", "ttl": 3}
{"op": "SET", "key": "toskcods", "value": "xxxxxxxxxxxxxxxxxxxxxxxxxxxxxxxxxxxxxxxxxxxxxxxxxx", "ttl": 3}
{"op": "SET", "key": "eaqnwvvm", "value": "xxxxxxxxxxxxxxxxxxxxxxxxxxxxxxxxxxxxxxxxxxxxxxxxxx", "ttl": 3}
{"op": "SET", "key": "itnwoyho", "value": "xxxxxxxxxxxxxxxxxxxxxxxxxxxxxxxxxxxxxxxxxxxxxxxxxx", "ttl": 3}
{"op": "SET", "key": "ieceuuhs", "value": "xxxxxxxxxxxxxxxxxxxxxxxxxxxxxxxxxxxxxxxxxxxxxxxxxx", "ttl": 3}
{"op": "SET", "key": "fqcdwefd", "value": "xxxxxxxxxxxxxxxxxxxxxxxxxxxxxxxxxxxxxxxxxxxxxxxxxx", "ttl": 3}
{"op": "SET", "key": "bezhwyox", "value": "xxxxxxxxxxxxxxxxxxxxxxxxxxxxxxxxxxxxxxxxxxxxxxxxxx", "ttl": 3}
{"op": "SET", "key": "rxvbicbv", "value": "xxxxxxxxxxxxxxxxxxxxxxxxxxxxxxxxxxxxxxxxxxxxxxxxxx", "ttl": 3}
{"op": "SET", "key": "zcqdpbci", "value": "xxxxxxxxxxxxxxxxxxxxxxxxxxxxxxxxxxxxxxxxxxxxxxxxxx", "ttl": 3}
